<?xml version="1.0" encoding="UTF-8"?>
<!-- Generated by org.testng.reporters.JUnitReportReporter -->
<testsuite hostname="deepika-evo" failures="0" tests="135" name="runner.TestRunner" time="39.134" errors="0" timestamp="2023-06-22T23:41:32 EDT" skipped="0">
  <testcase classname="runner.TestRunner" name="runScenario" time="0.500"/>
  <system-out/>
  <testcase classname="runner.TestRunner" name="runScenario" time="0.275"/>
  <system-out/>
  <testcase classname="runner.TestRunner" name="runScenario" time="0.242"/>
  <system-out/>
  <testcase classname="runner.TestRunner" name="runScenario" time="0.216"/>
  <system-out/>
  <testcase classname="runner.TestRunner" name="runScenario" time="0.349"/>
  <system-out/>
  <testcase classname="runner.TestRunner" name="runScenario" time="0.316"/>
  <system-out/>
  <testcase classname="runner.TestRunner" name="runScenario" time="0.263"/>
  <system-out/>
  <testcase classname="runner.TestRunner" name="runScenario" time="0.232"/>
  <system-out/>
  <testcase classname="runner.TestRunner" name="runScenario" time="0.127"/>
  <system-out/>
  <testcase classname="runner.TestRunner" name="runScenario" time="0.199"/>
  <system-out/>
  <testcase classname="runner.TestRunner" name="runScenario" time="0.288"/>
  <system-out/>
  <testcase classname="runner.TestRunner" name="runScenario" time="0.295"/>
  <system-out/>
  <testcase classname="runner.TestRunner" name="runScenario" time="0.109"/>
  <system-out/>
  <testcase classname="runner.TestRunner" name="runScenario" time="0.142"/>
  <system-out/>
  <testcase classname="runner.TestRunner" name="runScenario" time="0.268"/>
  <system-out/>
  <testcase classname="runner.TestRunner" name="runScenario" time="0.155"/>
  <system-out/>
  <testcase classname="runner.TestRunner" name="runScenario" time="0.292"/>
  <system-out/>
  <testcase classname="runner.TestRunner" name="runScenario" time="0.265"/>
  <system-out/>
  <testcase classname="runner.TestRunner" name="runScenario" time="0.136"/>
  <system-out/>
  <testcase classname="runner.TestRunner" name="runScenario" time="1.162"/>
  <system-out/>
  <testcase classname="runner.TestRunner" name="runScenario" time="0.213"/>
  <system-out/>
  <testcase classname="runner.TestRunner" name="runScenario" time="0.177"/>
  <system-out/>
  <testcase classname="runner.TestRunner" name="runScenario" time="0.614"/>
  <system-out/>
  <testcase classname="runner.TestRunner" name="runScenario" time="0.404"/>
  <system-out/>
  <testcase classname="runner.TestRunner" name="runScenario" time="0.323"/>
  <system-out/>
  <testcase classname="runner.TestRunner" name="runScenario" time="0.274"/>
  <system-out/>
  <testcase classname="runner.TestRunner" name="runScenario" time="0.239"/>
  <system-out/>
  <testcase classname="runner.TestRunner" name="runScenario" time="0.155"/>
  <system-out/>
  <testcase classname="runner.TestRunner" name="runScenario" time="0.371"/>
  <system-out/>
  <testcase classname="runner.TestRunner" name="runScenario" time="0.115"/>
  <system-out/>
  <testcase classname="runner.TestRunner" name="runScenario" time="0.472"/>
  <system-out/>
  <testcase classname="runner.TestRunner" name="runScenario" time="0.200"/>
  <system-out/>
  <testcase classname="runner.TestRunner" name="runScenario" time="0.223"/>
  <system-out/>
  <testcase classname="runner.TestRunner" name="runScenario" time="0.580"/>
  <system-out/>
  <testcase classname="runner.TestRunner" name="runScenario" time="0.237"/>
  <system-out/>
  <testcase classname="runner.TestRunner" name="runScenario" time="0.230"/>
  <system-out/>
  <testcase classname="runner.TestRunner" name="runScenario" time="0.311"/>
  <system-out/>
  <testcase classname="runner.TestRunner" name="runScenario" time="0.099"/>
  <system-out/>
  <testcase classname="runner.TestRunner" name="runScenario" time="0.570"/>
  <system-out/>
  <testcase classname="runner.TestRunner" name="runScenario" time="0.327"/>
  <system-out/>
  <testcase classname="runner.TestRunner" name="runScenario" time="0.210"/>
  <system-out/>
  <testcase classname="runner.TestRunner" name="runScenario" time="0.135"/>
  <system-out/>
  <testcase classname="runner.TestRunner" name="runScenario" time="0.372"/>
  <system-out/>
  <testcase classname="runner.TestRunner" name="runScenario" time="0.146"/>
  <system-out/>
  <testcase classname="runner.TestRunner" name="runScenario" time="0.404"/>
  <system-out/>
  <testcase classname="runner.TestRunner" name="runScenario" time="0.223"/>
  <system-out/>
  <testcase classname="runner.TestRunner" name="runScenario" time="0.215"/>
  <system-out/>
  <testcase classname="runner.TestRunner" name="runScenario" time="0.269"/>
  <system-out/>
  <testcase classname="runner.TestRunner" name="runScenario" time="0.378"/>
  <system-out/>
  <testcase classname="runner.TestRunner" name="runScenario" time="0.418"/>
  <system-out/>
  <testcase classname="runner.TestRunner" name="runScenario" time="0.664"/>
  <system-out/>
  <testcase classname="runner.TestRunner" name="runScenario" time="0.255"/>
  <system-out/>
  <testcase classname="runner.TestRunner" name="runScenario" time="0.179"/>
  <system-out/>
  <testcase classname="runner.TestRunner" name="runScenario" time="0.198"/>
  <system-out/>
  <testcase classname="runner.TestRunner" name="runScenario" time="0.554"/>
  <system-out/>
  <testcase classname="runner.TestRunner" name="runScenario" time="0.216"/>
  <system-out/>
  <testcase classname="runner.TestRunner" name="runScenario" time="0.169"/>
  <system-out/>
  <testcase classname="runner.TestRunner" name="runScenario" time="0.157"/>
  <system-out/>
  <testcase classname="runner.TestRunner" name="runScenario" time="0.388"/>
  <system-out/>
  <testcase classname="runner.TestRunner" name="runScenario" time="0.146"/>
  <system-out/>
  <testcase classname="runner.TestRunner" name="runScenario" time="0.180"/>
  <system-out/>
  <testcase classname="runner.TestRunner" name="runScenario" time="0.118"/>
  <system-out/>
  <testcase classname="runner.TestRunner" name="runScenario" time="0.175"/>
  <system-out/>
  <testcase classname="runner.TestRunner" name="runScenario" time="0.274"/>
  <system-out/>
  <testcase classname="runner.TestRunner" name="runScenario" time="0.270"/>
  <system-out/>
  <testcase classname="runner.TestRunner" name="runScenario" time="0.216"/>
  <system-out/>
  <testcase classname="runner.TestRunner" name="runScenario" time="0.234"/>
  <system-out/>
  <testcase classname="runner.TestRunner" name="runScenario" time="0.381"/>
  <system-out/>
  <testcase classname="runner.TestRunner" name="runScenario" time="0.285"/>
  <system-out/>
  <testcase classname="runner.TestRunner" name="runScenario" time="0.275"/>
  <system-out/>
  <testcase classname="runner.TestRunner" name="runScenario" time="0.213"/>
  <system-out/>
  <testcase classname="runner.TestRunner" name="runScenario" time="0.160"/>
  <system-out/>
  <testcase classname="runner.TestRunner" name="runScenario" time="0.290"/>
  <system-out/>
  <testcase classname="runner.TestRunner" name="runScenario" time="0.294"/>
  <system-out/>
  <testcase classname="runner.TestRunner" name="runScenario" time="0.875"/>
  <system-out/>
  <testcase classname="runner.TestRunner" name="runScenario" time="0.322"/>
  <system-out/>
  <testcase classname="runner.TestRunner" name="runScenario" time="0.326"/>
  <system-out/>
  <testcase classname="runner.TestRunner" name="runScenario" time="0.128"/>
  <system-out/>
  <testcase classname="runner.TestRunner" name="runScenario" time="0.250"/>
  <system-out/>
  <testcase classname="runner.TestRunner" name="runScenario" time="0.213"/>
  <system-out/>
  <testcase classname="runner.TestRunner" name="runScenario" time="0.291"/>
  <system-out/>
  <testcase classname="runner.TestRunner" name="runScenario" time="0.225"/>
  <system-out/>
  <testcase classname="runner.TestRunner" name="runScenario" time="0.355"/>
  <system-out/>
  <testcase classname="runner.TestRunner" name="runScenario" time="0.281"/>
  <system-out/>
  <testcase classname="runner.TestRunner" name="runScenario" time="0.214"/>
  <system-out/>
  <testcase classname="runner.TestRunner" name="runScenario" time="0.295"/>
  <system-out/>
  <testcase classname="runner.TestRunner" name="runScenario" time="0.177"/>
  <system-out/>
  <testcase classname="runner.TestRunner" name="runScenario" time="0.281"/>
  <system-out/>
  <testcase classname="runner.TestRunner" name="runScenario" time="0.369"/>
  <system-out/>
  <testcase classname="runner.TestRunner" name="runScenario" time="0.096"/>
  <system-out/>
  <testcase classname="runner.TestRunner" name="runScenario" time="0.301"/>
  <system-out/>
  <testcase classname="runner.TestRunner" name="runScenario" time="0.529"/>
  <system-out/>
  <testcase classname="runner.TestRunner" name="runScenario" time="0.286"/>
  <system-out/>
  <testcase classname="runner.TestRunner" name="runScenario" time="0.187"/>
  <system-out/>
  <testcase classname="runner.TestRunner" name="runScenario" time="0.584"/>
  <system-out/>
  <testcase classname="runner.TestRunner" name="runScenario" time="0.230"/>
  <system-out/>
  <testcase classname="runner.TestRunner" name="runScenario" time="0.269"/>
  <system-out/>
  <testcase classname="runner.TestRunner" name="runScenario" time="0.129"/>
  <system-out/>
  <testcase classname="runner.TestRunner" name="runScenario" time="0.278"/>
  <system-out/>
  <testcase classname="runner.TestRunner" name="runScenario" time="0.264"/>
  <system-out/>
  <testcase classname="runner.TestRunner" name="runScenario" time="0.145"/>
  <system-out/>
  <testcase classname="runner.TestRunner" name="runScenario" time="0.221"/>
  <system-out/>
  <testcase classname="runner.TestRunner" name="runScenario" time="0.110"/>
  <system-out/>
  <testcase classname="runner.TestRunner" name="runScenario" time="0.850"/>
  <system-out/>
  <testcase classname="runner.TestRunner" name="runScenario" time="0.167"/>
  <system-out/>
  <testcase classname="runner.TestRunner" name="runScenario" time="0.270"/>
  <system-out/>
  <testcase classname="runner.TestRunner" name="runScenario" time="0.546"/>
  <system-out/>
  <testcase classname="runner.TestRunner" name="runScenario" time="0.435"/>
  <system-out/>
  <testcase classname="runner.TestRunner" name="runScenario" time="0.392"/>
  <system-out/>
  <testcase classname="runner.TestRunner" name="runScenario" time="0.263"/>
  <system-out/>
  <testcase classname="runner.TestRunner" name="runScenario" time="0.089"/>
  <system-out/>
  <testcase classname="runner.TestRunner" name="runScenario" time="0.277"/>
  <system-out/>
  <testcase classname="runner.TestRunner" name="runScenario" time="0.200"/>
  <system-out/>
  <testcase classname="runner.TestRunner" name="runScenario" time="0.211"/>
  <system-out/>
  <testcase classname="runner.TestRunner" name="runScenario" time="0.191"/>
  <system-out/>
  <testcase classname="runner.TestRunner" name="runScenario" time="0.211"/>
  <system-out/>
  <testcase classname="runner.TestRunner" name="runScenario" time="0.168"/>
  <system-out/>
  <testcase classname="runner.TestRunner" name="runScenario" time="0.143"/>
  <system-out/>
  <testcase classname="runner.TestRunner" name="runScenario" time="0.238"/>
  <system-out/>
  <testcase classname="runner.TestRunner" name="runScenario" time="0.591"/>
  <system-out/>
  <testcase classname="runner.TestRunner" name="runScenario" time="0.135"/>
  <system-out/>
  <testcase classname="runner.TestRunner" name="runScenario" time="0.192"/>
  <system-out/>
  <testcase classname="runner.TestRunner" name="runScenario" time="0.373"/>
  <system-out/>
  <testcase classname="runner.TestRunner" name="runScenario" time="0.139"/>
  <system-out/>
  <testcase classname="runner.TestRunner" name="runScenario" time="0.170"/>
  <system-out/>
  <testcase classname="runner.TestRunner" name="runScenario" time="0.162"/>
  <system-out/>
  <testcase classname="runner.TestRunner" name="runScenario" time="0.207"/>
  <system-out/>
  <testcase classname="runner.TestRunner" name="runScenario" time="0.183"/>
  <system-out/>
  <testcase classname="runner.TestRunner" name="runScenario" time="0.177"/>
  <system-out/>
  <testcase classname="runner.TestRunner" name="runScenario" time="0.370"/>
  <system-out/>
  <testcase classname="runner.TestRunner" name="runScenario" time="0.934"/>
  <system-out/>
  <testcase classname="runner.TestRunner" name="runScenario" time="0.175"/>
  <system-out/>
  <testcase classname="runner.TestRunner" name="runScenario" time="0.994"/>
  <system-out/>
  <testcase classname="runner.TestRunner" name="runScenario" time="0.134"/>
  <system-out/>
  <testcase classname="runner.TestRunner" name="runScenario" time="0.290"/>
  <system-out/>
</testsuite> <!-- runner.TestRunner -->
